<?xml version="1.0" encoding="UTF-8"?>
<!-- Generated by org.testng.reporters.JUnitReportReporter -->
<testsuite hostname="ISCHLAPHP21507" failures="0" tests="2" name="com.suri.test.FirstTest" time="33.955" errors="0" timestamp="2022-11-21T17:02:37 IST" skipped="0">
  <testcase classname="com.suri.test.FirstTest" name="TestFacebook" time="12.118"/>
  <system-out/>
  <testcase classname="com.suri.test.FirstTest" name="TestGoogle" time="21.837"/>
  <system-out/>
</testsuite> <!-- com.suri.test.FirstTest -->
