<?xml version="1.0" encoding="UTF-8"?>
<!-- Generated by org.testng.reporters.JUnitReportReporter -->
<testsuite hostname="ISCHLAPHP21507" failures="0" tests="1" name="TestClass" time="0.018" errors="0" timestamp="2022-11-21T16:10:49 IST" skipped="0">
  <testcase classname="TestClass" name="food" time="0.018"/>
  <system-out/>
</testsuite> <!-- TestClass -->
