<?xml version="1.0" encoding="UTF-8"?>
<!-- Generated by org.testng.reporters.JUnitReportReporter -->
<testsuite hostname="ISCHLAPHP21507" failures="0" tests="1" name="com.suri.test.NewTest" time="0.012" errors="0" timestamp="2022-11-23T12:22:08 IST" skipped="0">
  <testcase classname="com.suri.test.NewTest" name="f1" time="0.012"/>
  <system-out/>
</testsuite> <!-- com.suri.test.NewTest -->
