<?xml version="1.0" encoding="UTF-8"?>
<!-- Generated by org.testng.reporters.JUnitReportReporter -->
<testsuite hostname="ISCHLAPHP21507" failures="0" tests="1" name="com.suri.test.SumInTestNg" time="0.021" errors="0" timestamp="2022-11-23T16:44:02 IST" skipped="0">
  <testcase classname="com.suri.test.SumInTestNg" name="sum" time="0.021"/>
  <system-out/>
</testsuite> <!-- com.suri.test.SumInTestNg -->
