<?xml version="1.0" encoding="UTF-8"?>
<!-- Generated by org.testng.reporters.JUnitReportReporter -->
<testsuite hostname="ISCHLAPHP21507" failures="0" tests="1" name="com.suri.test.OrangeHrm" time="10.142" errors="0" timestamp="2022-11-21T18:27:22 IST" skipped="0">
  <testcase classname="com.suri.test.OrangeHrm" name="LaunchApp" time="10.142"/>
  <system-out/>
</testsuite> <!-- com.suri.test.OrangeHrm -->
