<?xml version="1.0" encoding="UTF-8"?>
<!-- Generated by org.testng.reporters.JUnitReportReporter -->
<testsuite hostname="ISCHLAPHP21507" failures="0" tests="1" name="com.suri.test.AssertExample" time="17.029" errors="0" timestamp="2022-11-23T11:20:38 IST" skipped="0">
  <testcase classname="com.suri.test.AssertExample" name="facebook" time="17.029"/>
  <system-out/>
</testsuite> <!-- com.suri.test.AssertExample -->
